go-observe-container  | {"Resource":[{"Key":"service.name","Value":{"Type":"STRING","Value":"unknown_service:main"}},{"Key":"telemetry.sdk.language","Value":{"Type":"STRING","Value":"go"}},{"Key":"telemetry.sdk.name","Value":{"Type":"STRING","Value":"opentelemetry"}},{"Key":"telemetry.sdk.version","Value":{"Type":"STRING","Value":"1.28.0"}}],"ScopeMetrics":[]}
go-observe-container  | {"Resource":[{"Key":"service.name","Value":{"Type":"STRING","Value":"unknown_service:main"}},{"Key":"telemetry.sdk.language","Value":{"Type":"STRING","Value":"go"}},{"Key":"telemetry.sdk.name","Value":{"Type":"STRING","Value":"opentelemetry"}},{"Key":"telemetry.sdk.version","Value":{"Type":"STRING","Value":"1.28.0"}}],"ScopeMetrics":[]}
go-observe-container  | {"Resource":[{"Key":"service.name","Value":{"Type":"STRING","Value":"unknown_service:main"}},{"Key":"telemetry.sdk.language","Value":{"Type":"STRING","Value":"go"}},{"Key":"telemetry.sdk.name","Value":{"Type":"STRING","Value":"opentelemetry"}},{"Key":"telemetry.sdk.version","Value":{"Type":"STRING","Value":"1.28.0"}}],"ScopeMetrics":[]}
go-observe-container  | {"Resource":[{"Key":"service.name","Value":{"Type":"STRING","Value":"unknown_service:main"}},{"Key":"telemetry.sdk.language","Value":{"Type":"STRING","Value":"go"}},{"Key":"telemetry.sdk.name","Value":{"Type":"STRING","Value":"opentelemetry"}},{"Key":"telemetry.sdk.version","Value":{"Type":"STRING","Value":"1.28.0"}}],"ScopeMetrics":[]}
go-observe-container  | {"Resource":[{"Key":"service.name","Value":{"Type":"STRING","Value":"unknown_service:main"}},{"Key":"telemetry.sdk.language","Value":{"Type":"STRING","Value":"go"}},{"Key":"telemetry.sdk.name","Value":{"Type":"STRING","Value":"opentelemetry"}},{"Key":"telemetry.sdk.version","Value":{"Type":"STRING","Value":"1.28.0"}}],"ScopeMetrics":[]}
go-observe-container  | {"Resource":[{"Key":"service.name","Value":{"Type":"STRING","Value":"unknown_service:main"}},{"Key":"telemetry.sdk.language","Value":{"Type":"STRING","Value":"go"}},{"Key":"telemetry.sdk.name","Value":{"Type":"STRING","Value":"opentelemetry"}},{"Key":"telemetry.sdk.version","Value":{"Type":"STRING","Value":"1.28.0"}}],"ScopeMetrics":[]}
go-observe-container  | {"Resource":[{"Key":"service.name","Value":{"Type":"STRING","Value":"unknown_service:main"}},{"Key":"telemetry.sdk.language","Value":{"Type":"STRING","Value":"go"}},{"Key":"telemetry.sdk.name","Value":{"Type":"STRING","Value":"opentelemetry"}},{"Key":"telemetry.sdk.version","Value":{"Type":"STRING","Value":"1.28.0"}}],"ScopeMetrics":[]}
go-observe-container  | {"Resource":[{"Key":"service.name","Value":{"Type":"STRING","Value":"unknown_service:main"}},{"Key":"telemetry.sdk.language","Value":{"Type":"STRING","Value":"go"}},{"Key":"telemetry.sdk.name","Value":{"Type":"STRING","Value":"opentelemetry"}},{"Key":"telemetry.sdk.version","Value":{"Type":"STRING","Value":"1.28.0"}}],"ScopeMetrics":[]}
go-observe-container  | {"Resource":[{"Key":"service.name","Value":{"Type":"STRING","Value":"unknown_service:main"}},{"Key":"telemetry.sdk.language","Value":{"Type":"STRING","Value":"go"}},{"Key":"telemetry.sdk.name","Value":{"Type":"STRING","Value":"opentelemetry"}},{"Key":"telemetry.sdk.version","Value":{"Type":"STRING","Value":"1.28.0"}}],"ScopeMetrics":[]}
go-observe-container  | {"Resource":[{"Key":"service.name","Value":{"Type":"STRING","Value":"unknown_service:main"}},{"Key":"telemetry.sdk.language","Value":{"Type":"STRING","Value":"go"}},{"Key":"telemetry.sdk.name","Value":{"Type":"STRING","Value":"opentelemetry"}},{"Key":"telemetry.sdk.version","Value":{"Type":"STRING","Value":"1.28.0"}}],"ScopeMetrics":[]}
go-observe-container  | {"Resource":[{"Key":"service.name","Value":{"Type":"STRING","Value":"unknown_service:main"}},{"Key":"telemetry.sdk.language","Value":{"Type":"STRING","Value":"go"}},{"Key":"telemetry.sdk.name","Value":{"Type":"STRING","Value":"opentelemetry"}},{"Key":"telemetry.sdk.version","Value":{"Type":"STRING","Value":"1.28.0"}}],"ScopeMetrics":[]}
go-observe-container  | {
go-observe-container  | 	"Name": "getDice",
go-observe-container  | 	"SpanContext": {
go-observe-container  | 		"TraceID": "0a3cc98d5792e8a6c2d722965ab467f8",
go-observe-container  | 		"SpanID": "1f83295c74af87d1",
go-observe-container  | 		"TraceFlags": "01",
go-observe-container  | 		"TraceState": "",
go-observe-container  | 		"Remote": false
go-observe-container  | 	},
go-observe-container  | 	"Parent": {
go-observe-container  | 		"TraceID": "0a3cc98d5792e8a6c2d722965ab467f8",
go-observe-container  | 		"SpanID": "85d88c528f30bbcf",
go-observe-container  | 		"TraceFlags": "01",
go-observe-container  | 		"TraceState": "",
go-observe-container  | 		"Remote": false
go-observe-container  | 	},
go-observe-container  | 	"SpanKind": 1,
go-observe-container  | 	"StartTime": "2024-08-18T04:36:45.578063837Z",
go-observe-container  | 	"EndTime": "2024-08-18T04:36:45.681469129Z",
go-observe-container  | 	"Attributes": null,
go-observe-container  | 	"Events": null,
go-observe-container  | 	"Links": null,
go-observe-container  | 	"Status": {
go-observe-container  | 		"Code": "Unset",
go-observe-container  | 		"Description": ""
go-observe-container  | 	},
go-observe-container  | 	"DroppedAttributes": 0,
go-observe-container  | 	"DroppedEvents": 0,
go-observe-container  | 	"DroppedLinks": 0,
go-observe-container  | 	"ChildSpanCount": 0,
go-observe-container  | 	"Resource": [
go-observe-container  | 		{
go-observe-container  | 			"Key": "service.name",
go-observe-container  | 			"Value": {
go-observe-container  | 				"Type": "STRING",
go-observe-container  | 				"Value": "unknown_service:main"
go-observe-container  | 			}
go-observe-container  | 		},
go-observe-container  | 		{
go-observe-container  | 			"Key": "telemetry.sdk.language",
go-observe-container  | 			"Value": {
go-observe-container  | 				"Type": "STRING",
go-observe-container  | 				"Value": "go"
go-observe-container  | 			}
go-observe-container  | 		},
go-observe-container  | 		{
go-observe-container  | 			"Key": "telemetry.sdk.name",
go-observe-container  | 			"Value": {
go-observe-container  | 				"Type": "STRING",
go-observe-container  | 				"Value": "opentelemetry"
go-observe-container  | 			}
go-observe-container  | 		},
go-observe-container  | 		{
go-observe-container  | 			"Key": "telemetry.sdk.version",
go-observe-container  | 			"Value": {
go-observe-container  | 				"Type": "STRING",
go-observe-container  | 				"Value": "1.28.0"
go-observe-container  | 			}
go-observe-container  | 		}
go-observe-container  | 	],
go-observe-container  | 	"InstrumentationLibrary": {
go-observe-container  | 		"Name": "simple-go-observe/src",
go-observe-container  | 		"Version": "",
go-observe-container  | 		"SchemaURL": ""
go-observe-container  | 	}
go-observe-container  | }
go-observe-container  | {
go-observe-container  | 	"Name": "rolldice",
go-observe-container  | 	"SpanContext": {
go-observe-container  | 		"TraceID": "0a3cc98d5792e8a6c2d722965ab467f8",
go-observe-container  | 		"SpanID": "85d88c528f30bbcf",
go-observe-container  | 		"TraceFlags": "01",
go-observe-container  | 		"TraceState": "",
go-observe-container  | 		"Remote": false
go-observe-container  | 	},
go-observe-container  | 	"Parent": {
go-observe-container  | 		"TraceID": "0a3cc98d5792e8a6c2d722965ab467f8",
go-observe-container  | 		"SpanID": "97217e4d5954d2fc",
go-observe-container  | 		"TraceFlags": "01",
go-observe-container  | 		"TraceState": "",
go-observe-container  | 		"Remote": false
go-observe-container  | 	},
go-observe-container  | 	"SpanKind": 1,
go-observe-container  | 	"StartTime": "2024-08-18T04:36:45.578046254Z",
go-observe-container  | 	"EndTime": "2024-08-18T04:36:45.681624171Z",
go-observe-container  | 	"Attributes": null,
go-observe-container  | 	"Events": null,
go-observe-container  | 	"Links": null,
go-observe-container  | 	"Status": {
go-observe-container  | 		"Code": "Unset",
go-observe-container  | 		"Description": ""
go-observe-container  | 	},
go-observe-container  | 	"DroppedAttributes": 0,
go-observe-container  | 	"DroppedEvents": 0,
go-observe-container  | 	"DroppedLinks": 0,
go-observe-container  | 	"ChildSpanCount": 1,
go-observe-container  | 	"Resource": [
go-observe-container  | 		{
go-observe-container  | 			"Key": "service.name",
go-observe-container  | 			"Value": {
go-observe-container  | 				"Type": "STRING",
go-observe-container  | 				"Value": "unknown_service:main"
go-observe-container  | 			}
go-observe-container  | 		},
go-observe-container  | 		{
go-observe-container  | 			"Key": "telemetry.sdk.language",
go-observe-container  | 			"Value": {
go-observe-container  | 				"Type": "STRING",
go-observe-container  | 				"Value": "go"
go-observe-container  | 			}
go-observe-container  | 		},
go-observe-container  | 		{
go-observe-container  | 			"Key": "telemetry.sdk.name",
go-observe-container  | 			"Value": {
go-observe-container  | 				"Type": "STRING",
go-observe-container  | 				"Value": "opentelemetry"
go-observe-container  | 			}
go-observe-container  | 		},
go-observe-container  | 		{
go-observe-container  | 			"Key": "telemetry.sdk.version",
go-observe-container  | 			"Value": {
go-observe-container  | 				"Type": "STRING",
go-observe-container  | 				"Value": "1.28.0"
go-observe-container  | 			}
go-observe-container  | 		}
go-observe-container  | 	],
go-observe-container  | 	"InstrumentationLibrary": {
go-observe-container  | 		"Name": "simple-go-observe/src",
go-observe-container  | 		"Version": "",
go-observe-container  | 		"SchemaURL": ""
go-observe-container  | 	}
go-observe-container  | }
go-observe-container  | {
go-observe-container  | 	"Name": "/",
go-observe-container  | 	"SpanContext": {
go-observe-container  | 		"TraceID": "0a3cc98d5792e8a6c2d722965ab467f8",
go-observe-container  | 		"SpanID": "97217e4d5954d2fc",
go-observe-container  | 		"TraceFlags": "01",
go-observe-container  | 		"TraceState": "",
go-observe-container  | 		"Remote": false
go-observe-container  | 	},
go-observe-container  | 	"Parent": {
go-observe-container  | 		"TraceID": "00000000000000000000000000000000",
go-observe-container  | 		"SpanID": "0000000000000000",
go-observe-container  | 		"TraceFlags": "00",
go-observe-container  | 		"TraceState": "",
go-observe-container  | 		"Remote": false
go-observe-container  | 	},
go-observe-container  | 	"SpanKind": 2,
go-observe-container  | 	"StartTime": "2024-08-18T04:36:45.577598504Z",
go-observe-container  | 	"EndTime": "2024-08-18T04:36:45.681796088Z",
go-observe-container  | 	"Attributes": [
go-observe-container  | 		{
go-observe-container  | 			"Key": "http.method",
go-observe-container  | 			"Value": {
go-observe-container  | 				"Type": "STRING",
go-observe-container  | 				"Value": "GET"
go-observe-container  | 			}
go-observe-container  | 		},
go-observe-container  | 		{
go-observe-container  | 			"Key": "http.scheme",
go-observe-container  | 			"Value": {
go-observe-container  | 				"Type": "STRING",
go-observe-container  | 				"Value": "http"
go-observe-container  | 			}
go-observe-container  | 		},
go-observe-container  | 		{
go-observe-container  | 			"Key": "net.host.name",
go-observe-container  | 			"Value": {
go-observe-container  | 				"Type": "STRING",
go-observe-container  | 				"Value": "localhost"
go-observe-container  | 			}
go-observe-container  | 		},
go-observe-container  | 		{
go-observe-container  | 			"Key": "net.host.port",
go-observe-container  | 			"Value": {
go-observe-container  | 				"Type": "INT64",
go-observe-container  | 				"Value": 1340
go-observe-container  | 			}
go-observe-container  | 		},
go-observe-container  | 		{
go-observe-container  | 			"Key": "net.sock.peer.addr",
go-observe-container  | 			"Value": {
go-observe-container  | 				"Type": "STRING",
go-observe-container  | 				"Value": "172.19.0.1"
go-observe-container  | 			}
go-observe-container  | 		},
go-observe-container  | 		{
go-observe-container  | 			"Key": "net.sock.peer.port",
go-observe-container  | 			"Value": {
go-observe-container  | 				"Type": "INT64",
go-observe-container  | 				"Value": 36472
go-observe-container  | 			}
go-observe-container  | 		},
go-observe-container  | 		{
go-observe-container  | 			"Key": "user_agent.original",
go-observe-container  | 			"Value": {
go-observe-container  | 				"Type": "STRING",
go-observe-container  | 				"Value": "Mozilla/5.0 (Macintosh; Intel Mac OS X 10_15_7) AppleWebKit/537.36 (KHTML, like Gecko) Chrome/127.0.0.0 Safari/537.36"
go-observe-container  | 			}
go-observe-container  | 		},
go-observe-container  | 		{
go-observe-container  | 			"Key": "http.target",
go-observe-container  | 			"Value": {
go-observe-container  | 				"Type": "STRING",
go-observe-container  | 				"Value": "/rolldice/"
go-observe-container  | 			}
go-observe-container  | 		},
go-observe-container  | 		{
go-observe-container  | 			"Key": "net.protocol.version",
go-observe-container  | 			"Value": {
go-observe-container  | 				"Type": "STRING",
go-observe-container  | 				"Value": "1.1"
go-observe-container  | 			}
go-observe-container  | 		},
go-observe-container  | 		{
go-observe-container  | 			"Key": "http.route",
go-observe-container  | 			"Value": {
go-observe-container  | 				"Type": "STRING",
go-observe-container  | 				"Value": "/rolldice/"
go-observe-container  | 			}
go-observe-container  | 		},
go-observe-container  | 		{
go-observe-container  | 			"Key": "http.response_content_length",
go-observe-container  | 			"Value": {
go-observe-container  | 				"Type": "INT64",
go-observe-container  | 				"Value": 2
go-observe-container  | 			}
go-observe-container  | 		},
go-observe-container  | 		{
go-observe-container  | 			"Key": "http.status_code",
go-observe-container  | 			"Value": {
go-observe-container  | 				"Type": "INT64",
go-observe-container  | 				"Value": 200
go-observe-container  | 			}
go-observe-container  | 		}
go-observe-container  | 	],
go-observe-container  | 	"Events": null,
go-observe-container  | 	"Links": null,
go-observe-container  | 	"Status": {
go-observe-container  | 		"Code": "Unset",
go-observe-container  | 		"Description": ""
go-observe-container  | 	},
go-observe-container  | 	"DroppedAttributes": 0,
go-observe-container  | 	"DroppedEvents": 0,
go-observe-container  | 	"DroppedLinks": 0,
go-observe-container  | 	"ChildSpanCount": 1,
go-observe-container  | 	"Resource": [
go-observe-container  | 		{
go-observe-container  | 			"Key": "service.name",
go-observe-container  | 			"Value": {
go-observe-container  | 				"Type": "STRING",
go-observe-container  | 				"Value": "unknown_service:main"
go-observe-container  | 			}
go-observe-container  | 		},
go-observe-container  | 		{
go-observe-container  | 			"Key": "telemetry.sdk.language",
go-observe-container  | 			"Value": {
go-observe-container  | 				"Type": "STRING",
go-observe-container  | 				"Value": "go"
go-observe-container  | 			}
go-observe-container  | 		},
go-observe-container  | 		{
go-observe-container  | 			"Key": "telemetry.sdk.name",
go-observe-container  | 			"Value": {
go-observe-container  | 				"Type": "STRING",
go-observe-container  | 				"Value": "opentelemetry"
go-observe-container  | 			}
go-observe-container  | 		},
go-observe-container  | 		{
go-observe-container  | 			"Key": "telemetry.sdk.version",
go-observe-container  | 			"Value": {
go-observe-container  | 				"Type": "STRING",
go-observe-container  | 				"Value": "1.28.0"
go-observe-container  | 			}
go-observe-container  | 		}
go-observe-container  | 	],
go-observe-container  | 	"InstrumentationLibrary": {
go-observe-container  | 		"Name": "go.opentelemetry.io/contrib/instrumentation/net/http/otelhttp",
go-observe-container  | 		"Version": "0.53.0",
go-observe-container  | 		"SchemaURL": ""
go-observe-container  | 	}
go-observe-container  | }
go-observe-container  | {"Resource":[{"Key":"service.name","Value":{"Type":"STRING","Value":"unknown_service:main"}},{"Key":"telemetry.sdk.language","Value":{"Type":"STRING","Value":"go"}},{"Key":"telemetry.sdk.name","Value":{"Type":"STRING","Value":"opentelemetry"}},{"Key":"telemetry.sdk.version","Value":{"Type":"STRING","Value":"1.28.0"}}],"ScopeMetrics":[{"Scope":{"Name":"go.opentelemetry.io/contrib/instrumentation/net/http/otelhttp","Version":"0.53.0","SchemaURL":""},"Metrics":[{"Name":"http.server.request.size","Description":"Measures the size of HTTP request messages.","Unit":"By","Data":{"DataPoints":[{"Attributes":[{"Key":"http.method","Value":{"Type":"STRING","Value":"GET"}},{"Key":"http.route","Value":{"Type":"STRING","Value":"/rolldice/"}},{"Key":"http.scheme","Value":{"Type":"STRING","Value":"http"}},{"Key":"http.status_code","Value":{"Type":"INT64","Value":200}},{"Key":"net.host.name","Value":{"Type":"STRING","Value":"localhost"}},{"Key":"net.host.port","Value":{"Type":"INT64","Value":1340}},{"Key":"net.protocol.name","Value":{"Type":"STRING","Value":"http"}},{"Key":"net.protocol.version","Value":{"Type":"STRING","Value":"1.1"}}],"StartTime":"2024-08-18T04:36:11.948287086Z","Time":"2024-08-18T04:36:47.94972588Z","Value":0}],"Temporality":"CumulativeTemporality","IsMonotonic":true}},{"Name":"http.server.response.size","Description":"Measures the size of HTTP response messages.","Unit":"By","Data":{"DataPoints":[{"Attributes":[{"Key":"http.method","Value":{"Type":"STRING","Value":"GET"}},{"Key":"http.route","Value":{"Type":"STRING","Value":"/rolldice/"}},{"Key":"http.scheme","Value":{"Type":"STRING","Value":"http"}},{"Key":"http.status_code","Value":{"Type":"INT64","Value":200}},{"Key":"net.host.name","Value":{"Type":"STRING","Value":"localhost"}},{"Key":"net.host.port","Value":{"Type":"INT64","Value":1340}},{"Key":"net.protocol.name","Value":{"Type":"STRING","Value":"http"}},{"Key":"net.protocol.version","Value":{"Type":"STRING","Value":"1.1"}}],"StartTime":"2024-08-18T04:36:11.948289419Z","Time":"2024-08-18T04:36:47.949985172Z","Value":2}],"Temporality":"CumulativeTemporality","IsMonotonic":true}},{"Name":"http.server.duration","Description":"Measures the duration of inbound HTTP requests.","Unit":"ms","Data":{"DataPoints":[{"Attributes":[{"Key":"http.method","Value":{"Type":"STRING","Value":"GET"}},{"Key":"http.route","Value":{"Type":"STRING","Value":"/rolldice/"}},{"Key":"http.scheme","Value":{"Type":"STRING","Value":"http"}},{"Key":"http.status_code","Value":{"Type":"INT64","Value":200}},{"Key":"net.host.name","Value":{"Type":"STRING","Value":"localhost"}},{"Key":"net.host.port","Value":{"Type":"INT64","Value":1340}},{"Key":"net.protocol.name","Value":{"Type":"STRING","Value":"http"}},{"Key":"net.protocol.version","Value":{"Type":"STRING","Value":"1.1"}}],"StartTime":"2024-08-18T04:36:11.948292211Z","Time":"2024-08-18T04:36:47.949987297Z","Count":1,"Bounds":[0,5,10,25,50,75,100,250,500,750,1000,2500,5000,7500,10000],"BucketCounts":[0,0,0,0,0,0,0,1,0,0,0,0,0,0,0,0],"Min":104.432626,"Max":104.432626,"Sum":104.432626}],"Temporality":"CumulativeTemporality"}}]}]}
go-observe-container  | {"Resource":[{"Key":"service.name","Value":{"Type":"STRING","Value":"unknown_service:main"}},{"Key":"telemetry.sdk.language","Value":{"Type":"STRING","Value":"go"}},{"Key":"telemetry.sdk.name","Value":{"Type":"STRING","Value":"opentelemetry"}},{"Key":"telemetry.sdk.version","Value":{"Type":"STRING","Value":"1.28.0"}}],"ScopeMetrics":[{"Scope":{"Name":"go.opentelemetry.io/contrib/instrumentation/net/http/otelhttp","Version":"0.53.0","SchemaURL":""},"Metrics":[{"Name":"http.server.request.size","Description":"Measures the size of HTTP request messages.","Unit":"By","Data":{"DataPoints":[{"Attributes":[{"Key":"http.method","Value":{"Type":"STRING","Value":"GET"}},{"Key":"http.route","Value":{"Type":"STRING","Value":"/rolldice/"}},{"Key":"http.scheme","Value":{"Type":"STRING","Value":"http"}},{"Key":"http.status_code","Value":{"Type":"INT64","Value":200}},{"Key":"net.host.name","Value":{"Type":"STRING","Value":"localhost"}},{"Key":"net.host.port","Value":{"Type":"INT64","Value":1340}},{"Key":"net.protocol.name","Value":{"Type":"STRING","Value":"http"}},{"Key":"net.protocol.version","Value":{"Type":"STRING","Value":"1.1"}}],"StartTime":"2024-08-18T04:36:11.948287086Z","Time":"2024-08-18T04:36:50.951584715Z","Value":0}],"Temporality":"CumulativeTemporality","IsMonotonic":true}},{"Name":"http.server.response.size","Description":"Measures the size of HTTP response messages.","Unit":"By","Data":{"DataPoints":[{"Attributes":[{"Key":"http.method","Value":{"Type":"STRING","Value":"GET"}},{"Key":"http.route","Value":{"Type":"STRING","Value":"/rolldice/"}},{"Key":"http.scheme","Value":{"Type":"STRING","Value":"http"}},{"Key":"http.status_code","Value":{"Type":"INT64","Value":200}},{"Key":"net.host.name","Value":{"Type":"STRING","Value":"localhost"}},{"Key":"net.host.port","Value":{"Type":"INT64","Value":1340}},{"Key":"net.protocol.name","Value":{"Type":"STRING","Value":"http"}},{"Key":"net.protocol.version","Value":{"Type":"STRING","Value":"1.1"}}],"StartTime":"2024-08-18T04:36:11.948289419Z","Time":"2024-08-18T04:36:50.951765173Z","Value":2}],"Temporality":"CumulativeTemporality","IsMonotonic":true}},{"Name":"http.server.duration","Description":"Measures the duration of inbound HTTP requests.","Unit":"ms","Data":{"DataPoints":[{"Attributes":[{"Key":"http.method","Value":{"Type":"STRING","Value":"GET"}},{"Key":"http.route","Value":{"Type":"STRING","Value":"/rolldice/"}},{"Key":"http.scheme","Value":{"Type":"STRING","Value":"http"}},{"Key":"http.status_code","Value":{"Type":"INT64","Value":200}},{"Key":"net.host.name","Value":{"Type":"STRING","Value":"localhost"}},{"Key":"net.host.port","Value":{"Type":"INT64","Value":1340}},{"Key":"net.protocol.name","Value":{"Type":"STRING","Value":"http"}},{"Key":"net.protocol.version","Value":{"Type":"STRING","Value":"1.1"}}],"StartTime":"2024-08-18T04:36:11.948292211Z","Time":"2024-08-18T04:36:50.951766757Z","Count":1,"Bounds":[0,5,10,25,50,75,100,250,500,750,1000,2500,5000,7500,10000],"BucketCounts":[0,0,0,0,0,0,0,1,0,0,0,0,0,0,0,0],"Min":104.432626,"Max":104.432626,"Sum":104.432626}],"Temporality":"CumulativeTemporality"}}]}]}
go-observe-container  | {"Resource":[{"Key":"service.name","Value":{"Type":"STRING","Value":"unknown_service:main"}},{"Key":"telemetry.sdk.language","Value":{"Type":"STRING","Value":"go"}},{"Key":"telemetry.sdk.name","Value":{"Type":"STRING","Value":"opentelemetry"}},{"Key":"telemetry.sdk.version","Value":{"Type":"STRING","Value":"1.28.0"}}],"ScopeMetrics":[{"Scope":{"Name":"go.opentelemetry.io/contrib/instrumentation/net/http/otelhttp","Version":"0.53.0","SchemaURL":""},"Metrics":[{"Name":"http.server.request.size","Description":"Measures the size of HTTP request messages.","Unit":"By","Data":{"DataPoints":[{"Attributes":[{"Key":"http.method","Value":{"Type":"STRING","Value":"GET"}},{"Key":"http.route","Value":{"Type":"STRING","Value":"/rolldice/"}},{"Key":"http.scheme","Value":{"Type":"STRING","Value":"http"}},{"Key":"http.status_code","Value":{"Type":"INT64","Value":200}},{"Key":"net.host.name","Value":{"Type":"STRING","Value":"localhost"}},{"Key":"net.host.port","Value":{"Type":"INT64","Value":1340}},{"Key":"net.protocol.name","Value":{"Type":"STRING","Value":"http"}},{"Key":"net.protocol.version","Value":{"Type":"STRING","Value":"1.1"}}],"StartTime":"2024-08-18T04:36:11.948287086Z","Time":"2024-08-18T04:36:53.950109716Z","Value":0}],"Temporality":"CumulativeTemporality","IsMonotonic":true}},{"Name":"http.server.response.size","Description":"Measures the size of HTTP response messages.","Unit":"By","Data":{"DataPoints":[{"Attributes":[{"Key":"http.method","Value":{"Type":"STRING","Value":"GET"}},{"Key":"http.route","Value":{"Type":"STRING","Value":"/rolldice/"}},{"Key":"http.scheme","Value":{"Type":"STRING","Value":"http"}},{"Key":"http.status_code","Value":{"Type":"INT64","Value":200}},{"Key":"net.host.name","Value":{"Type":"STRING","Value":"localhost"}},{"Key":"net.host.port","Value":{"Type":"INT64","Value":1340}},{"Key":"net.protocol.name","Value":{"Type":"STRING","Value":"http"}},{"Key":"net.protocol.version","Value":{"Type":"STRING","Value":"1.1"}}],"StartTime":"2024-08-18T04:36:11.948289419Z","Time":"2024-08-18T04:36:53.950149633Z","Value":2}],"Temporality":"CumulativeTemporality","IsMonotonic":true}},{"Name":"http.server.duration","Description":"Measures the duration of inbound HTTP requests.","Unit":"ms","Data":{"DataPoints":[{"Attributes":[{"Key":"http.method","Value":{"Type":"STRING","Value":"GET"}},{"Key":"http.route","Value":{"Type":"STRING","Value":"/rolldice/"}},{"Key":"http.scheme","Value":{"Type":"STRING","Value":"http"}},{"Key":"http.status_code","Value":{"Type":"INT64","Value":200}},{"Key":"net.host.name","Value":{"Type":"STRING","Value":"localhost"}},{"Key":"net.host.port","Value":{"Type":"INT64","Value":1340}},{"Key":"net.protocol.name","Value":{"Type":"STRING","Value":"http"}},{"Key":"net.protocol.version","Value":{"Type":"STRING","Value":"1.1"}}],"StartTime":"2024-08-18T04:36:11.948292211Z","Time":"2024-08-18T04:36:53.9501518Z","Count":1,"Bounds":[0,5,10,25,50,75,100,250,500,750,1000,2500,5000,7500,10000],"BucketCounts":[0,0,0,0,0,0,0,1,0,0,0,0,0,0,0,0],"Min":104.432626,"Max":104.432626,"Sum":104.432626}],"Temporality":"CumulativeTemporality"}}]}]}
go-observe-container  | {"Resource":[{"Key":"service.name","Value":{"Type":"STRING","Value":"unknown_service:main"}},{"Key":"telemetry.sdk.language","Value":{"Type":"STRING","Value":"go"}},{"Key":"telemetry.sdk.name","Value":{"Type":"STRING","Value":"opentelemetry"}},{"Key":"telemetry.sdk.version","Value":{"Type":"STRING","Value":"1.28.0"}}],"ScopeMetrics":[{"Scope":{"Name":"go.opentelemetry.io/contrib/instrumentation/net/http/otelhttp","Version":"0.53.0","SchemaURL":""},"Metrics":[{"Name":"http.server.request.size","Description":"Measures the size of HTTP request messages.","Unit":"By","Data":{"DataPoints":[{"Attributes":[{"Key":"http.method","Value":{"Type":"STRING","Value":"GET"}},{"Key":"http.route","Value":{"Type":"STRING","Value":"/rolldice/"}},{"Key":"http.scheme","Value":{"Type":"STRING","Value":"http"}},{"Key":"http.status_code","Value":{"Type":"INT64","Value":200}},{"Key":"net.host.name","Value":{"Type":"STRING","Value":"localhost"}},{"Key":"net.host.port","Value":{"Type":"INT64","Value":1340}},{"Key":"net.protocol.name","Value":{"Type":"STRING","Value":"http"}},{"Key":"net.protocol.version","Value":{"Type":"STRING","Value":"1.1"}}],"StartTime":"2024-08-18T04:36:11.948287086Z","Time":"2024-08-18T04:36:56.950300301Z","Value":0}],"Temporality":"CumulativeTemporality","IsMonotonic":true}},{"Name":"http.server.response.size","Description":"Measures the size of HTTP response messages.","Unit":"By","Data":{"DataPoints":[{"Attributes":[{"Key":"http.method","Value":{"Type":"STRING","Value":"GET"}},{"Key":"http.route","Value":{"Type":"STRING","Value":"/rolldice/"}},{"Key":"http.scheme","Value":{"Type":"STRING","Value":"http"}},{"Key":"http.status_code","Value":{"Type":"INT64","Value":200}},{"Key":"net.host.name","Value":{"Type":"STRING","Value":"localhost"}},{"Key":"net.host.port","Value":{"Type":"INT64","Value":1340}},{"Key":"net.protocol.name","Value":{"Type":"STRING","Value":"http"}},{"Key":"net.protocol.version","Value":{"Type":"STRING","Value":"1.1"}}],"StartTime":"2024-08-18T04:36:11.948289419Z","Time":"2024-08-18T04:36:56.950348093Z","Value":2}],"Temporality":"CumulativeTemporality","IsMonotonic":true}},{"Name":"http.server.duration","Description":"Measures the duration of inbound HTTP requests.","Unit":"ms","Data":{"DataPoints":[{"Attributes":[{"Key":"http.method","Value":{"Type":"STRING","Value":"GET"}},{"Key":"http.route","Value":{"Type":"STRING","Value":"/rolldice/"}},{"Key":"http.scheme","Value":{"Type":"STRING","Value":"http"}},{"Key":"http.status_code","Value":{"Type":"INT64","Value":200}},{"Key":"net.host.name","Value":{"Type":"STRING","Value":"localhost"}},{"Key":"net.host.port","Value":{"Type":"INT64","Value":1340}},{"Key":"net.protocol.name","Value":{"Type":"STRING","Value":"http"}},{"Key":"net.protocol.version","Value":{"Type":"STRING","Value":"1.1"}}],"StartTime":"2024-08-18T04:36:11.948292211Z","Time":"2024-08-18T04:36:56.950350218Z","Count":1,"Bounds":[0,5,10,25,50,75,100,250,500,750,1000,2500,5000,7500,10000],"BucketCounts":[0,0,0,0,0,0,0,1,0,0,0,0,0,0,0,0],"Min":104.432626,"Max":104.432626,"Sum":104.432626}],"Temporality":"CumulativeTemporality"}}]}]}
